==114663== Helgrind, a thread error detector
==114663== Copyright (C) 2007-2017, and GNU GPL'd, by OpenWorks LLP et al.
==114663== Using Valgrind-3.22.0 and LibVEX; rerun with -h for copyright info
==114663== Command: ../part9/server_pipeline 5555
==114663== Parent PID: 114660
==114663== 
==114663== ---Thread-Announcement------------------------------------------
==114663== 
==114663== Thread #1 is the program's root thread
==114663== 
==114663== ---Thread-Announcement------------------------------------------
==114663== 
==114663== Thread #5 was created
==114663==    at 0x49BB7B7: clone (clone.S:62)
==114663==    by 0x49554C7: create_thread (pthread_create.c:297)
==114663==    by 0x4955F97: pthread_create@@GLIBC_2.34 (pthread_create.c:836)
==114663==    by 0x48929BB: ??? (in /usr/libexec/valgrind/vgpreload_helgrind-arm64-linux.so)
==114663==    by 0x10A1AB: main (server_pipeline.c:389)
==114663== 
==114663== ----------------------------------------------------------------
==114663== 
==114663== Possible data race during write of size 4 at 0x128720 by thread #1
==114663== Locks held: none
==114663==    at 0x10A040: signal_handler (server_pipeline.c:359)
==114663==    by 0x58040A2F: ??? (in /usr/libexec/valgrind/helgrind-arm64-linux)
==114663== 
==114663== This conflicts with a previous read of size 4 by thread #5
==114663== Locks held: none
==114663==    at 0x109BC8: stage4_cliquecount_worker (server_pipeline.c:216)
==114663==    by 0x4892B93: ??? (in /usr/libexec/valgrind/vgpreload_helgrind-arm64-linux.so)
==114663==    by 0x495595B: start_thread (pthread_create.c:447)
==114663==    by 0x49BB7DB: thread_start (clone.S:79)
==114663==  Address 0x128720 is 0 bytes inside data symbol "shutdown_flag"
==114663== 
==114663== ----------------------------------------------------------------
==114663== 
==114663== Thread #1: pthread_cond_{signal,broadcast}: dubious: associated lock is not held by any thread
==114663==    at 0x4890394: ??? (in /usr/libexec/valgrind/vgpreload_helgrind-arm64-linux.so)
==114663==    by 0x10A04F: signal_handler (server_pipeline.c:362)
==114663==    by 0x58040A2F: ??? (in /usr/libexec/valgrind/helgrind-arm64-linux)
==114663== 
==114663== ----------------------------------------------------------------
==114663== 
==114663== Thread #1: pthread_cond_{signal,broadcast}: dubious: associated lock is not held by any thread
==114663==    at 0x4890394: ??? (in /usr/libexec/valgrind/vgpreload_helgrind-arm64-linux.so)
==114663==    by 0x10A05B: signal_handler (server_pipeline.c:363)
==114663==    by 0x58040A2F: ??? (in /usr/libexec/valgrind/helgrind-arm64-linux)
==114663== 
==114663== ----------------------------------------------------------------
==114663== 
==114663== Thread #1: pthread_cond_{signal,broadcast}: dubious: associated lock is not held by any thread
==114663==    at 0x4890394: ??? (in /usr/libexec/valgrind/vgpreload_helgrind-arm64-linux.so)
==114663==    by 0x10A067: signal_handler (server_pipeline.c:364)
==114663==    by 0x58040A2F: ??? (in /usr/libexec/valgrind/helgrind-arm64-linux)
==114663== 
==114663== ----------------------------------------------------------------
==114663== 
==114663== Thread #1: pthread_cond_{signal,broadcast}: dubious: associated lock is not held by any thread
==114663==    at 0x4890394: ??? (in /usr/libexec/valgrind/vgpreload_helgrind-arm64-linux.so)
==114663==    by 0x10A073: signal_handler (server_pipeline.c:365)
==114663==    by 0x58040A2F: ??? (in /usr/libexec/valgrind/helgrind-arm64-linux)
==114663== 
==114663== 
==114663== Use --history-level=approx or =none to gain increased speed, at
==114663== the cost of reduced accuracy of conflicting-access information
==114663== For lists of detected and suppressed errors, rerun with: -s
==114663== ERROR SUMMARY: 5 errors from 5 contexts (suppressed: 1255 from 275)
